build/app/outputs/mapping/release/seeds.txt
com.example.refresc_admin.MainActivity
com.example.refresc_admin.MainActivity: MainActivity()
...
io.flutter.embedding.engine.renderer.FlutterRenderer$ImageTextureRegistryEntry: FlutterRenderer$ImageTextureRegistryEntry(io.flutter.embedding.engine.renderer.FlutterRenderer,long)
io.flutter.embedding.engine.renderer.FlutterRenderer$ImageReaderSurfaceProducer: int getHeight()
androidx.core.view.WindowInsetsCompat$BuilderImpl: void setTappableElementInsets(androidx.core.graphics.Insets)
io.flutter.embedding.engine.mutatorsstack.FlutterMutatorsStack: java.util.List getFinalClippingPaths()
androidx.core.view.WindowInsetsCompat$Impl20: void copyWindowDataInto(androidx.core.view.WindowInsetsCompat)
androidx.core.view.WindowInsetsCompat$Impl29: androidx.core.graphics.Insets getMandatorySystemGestureInsets()
io.flutter.embedding.engine.mutatorsstack.FlutterMutatorsStack$FlutterMutatorType: io.flutter.embedding.engine.mutatorsstack.FlutterMutatorsStack$FlutterMutatorType[] values()
io.flutter.embedding.android.FlutterView: void setVisibility(int)
io.flutter.embedding.engine.systemchannels.TextInputChannel$TextCapitalization: io.flutter.embedding.engine.systemchannels.TextInputChannel$TextCapitalization valueOf(java.lang.String)
io.flutter.embedding.android.FlutterView: void setWindowInfoListenerDisplayFeatures(androidx.window.layout.WindowLayoutInfo)
androidx.core.view.WindowInsetsCompat$Impl: androidx.core.view.DisplayCutoutCompat getDisplayCutout()
androidx.core.view.WindowInsetsCompat$Impl20: androidx.core.graphics.Insets getInsets(int,boolean)
io.flutter.embedding.android.FlutterTextureView: void setRenderSurface(android.view.Surface)
io.flutter.embedding.engine.FlutterJNI: void onPreEngineRestart()
io.flutter.embedding.android.FlutterView: io.flutter.plugin.common.BinaryMessenger getBinaryMessenger()
io.flutter.embedding.engine.FlutterJNI: void onSurfaceChanged(int,int)
kotlinx.coroutines.android.AndroidExceptionPreHandler: AndroidExceptionPreHandler()
io.flutter.embedding.engine.FlutterJNI: void setAccessibilityFeatures(int)
io.flutter.embedding.engine.FlutterJNI: void onRenderingStopped()
io.flutter.embedding.engine.FlutterJNI: void prefetchDefaultFontManager()
androidx.core.view.WindowInsetsCompat$Impl: void copyWindowDataInto(androidx.core.view.WindowInsetsCompat)
io.flutter.view.TextureRegistry$SurfaceTextureEntry: void setOnTrimMemoryListener(io.flutter.view.TextureRegistry$OnTrimMemoryListener)
androidx.window.area.reflectionguard.ExtensionWindowAreaPresentationRequirements: void setPresentationView(android.view.View)
io.flutter.embedding.engine.FlutterJNI: boolean ShouldDisableAHB()
io.flutter.plugins.GeneratedPluginRegistrant: GeneratedPluginRegistrant()
androidx.lifecycle.ReportFragment$LifecycleCallbacks: void onActivityPrePaused(android.app.Activity)
io.flutter.embedding.engine.renderer.FlutterRenderer$ImageReaderSurfaceProducer: void setCallback(io.flutter.view.TextureRegistry$SurfaceProducer$Callback)
androidx.core.view.WindowInsetsCompat$Impl: androidx.core.graphics.Insets getSystemWindowInsets()
androidx.core.view.WindowInsetsCompat$BuilderImpl: void setStableInsets(androidx.core.graphics.Insets)
kotlin.internal.jdk8.JDK8PlatformImplementations: JDK8PlatformImplementations()
androidx.core.view.WindowInsetsCompat$Impl29: androidx.core.graphics.Insets getTappableElementInsets()
io.flutter.plugin.platform.PlatformViewWrapper: void setLayoutParams(android.widget.FrameLayout$LayoutParams)
io.flutter.embedding.engine.renderer.FlutterRenderer$ImageReaderSurfaceProducer: void finalize()
io.flutter.embedding.engine.FlutterJNI: void updateDisplayMetrics(int,float,float,float)
androidx.core.app.RemoteActionCompatParcelizer: void write(androidx.core.app.RemoteActionCompat,androidx.versionedparcelable.VersionedParcel)
androidx.lifecycle.EmptyActivityLifecycleCallbacks: void onActivityCreated(android.app.Activity,android.os.Bundle)
androidx.core.view.ViewCompat$Api21Impl: void setTransitionName(android.view.View,java.lang.String)