build/app/outputs/mapping/release/usage.txt
com.example.refresc_admin.R$drawable
com.example.refresc_admin.R$mipmap
com.example.refresc_admin.R$style
com.example.refresc_admin.R
com.example.refresc_admin.MainActivity:
    private static void $r8$constructor$io$flutter$embedding$android$FlutterActivity()
    public final synthetic bridge boolean attachToEngineAutomatically()
    public static boolean attachToEngineAutomatically$io$flutter$embedding$android$FlutterActivity()
    public static void cancelBackGesture()
    public static void cancelBackGesture$io$flutter$embedding$android$FlutterActivity()
    public final synthetic bridge void cleanUpFlutterEngine()
    public static void cleanUpFlutterEngine$io$flutter$embedding$android$FlutterActivity()
    public static void commitBackGesture()
    public static void commitBackGesture$io$flutter$embedding$android$FlutterActivity()
    public final void configureFlutterEngine()
    public static void configureFlutterEngine$io$flutter$embedding$android$FlutterActivity()
    public static void configureStatusBarForFullscreenFlutterExperience()
    public static void configureStatusBarForFullscreenFlutterExperience$io$flutter$embedding$android$FlutterActivity()
    public static void configureWindowForTransparency()
    public static void configureWindowForTransparency$io$flutter$embedding$android$FlutterActivity()
    public static android.view.View createFlutterView()
    public static android.view.View createFlutterView$io$flutter$embedding$android$FlutterActivity()
    public static android.window.OnBackInvokedCallback createOnBackInvokedCallback()
...
androidx.fragment.app.LogWriter
androidx.fragment.app.PredictiveBackControl
androidx.fragment.app.SpecialEffectsController$Companion
androidx.fragment.app.SpecialEffectsController$Effect
androidx.fragment.app.SpecialEffectsController$FragmentStateManagerOperation
androidx.fragment.app.SpecialEffectsController$Operation$LifecycleImpact
androidx.fragment.app.SpecialEffectsController$Operation$State$Companion
androidx.fragment.app.SpecialEffectsController$Operation$State$WhenMappings
androidx.fragment.app.SpecialEffectsController$Operation$State
androidx.fragment.app.SpecialEffectsController$Operation$WhenMappings
androidx.fragment.app.SpecialEffectsController$Operation
androidx.fragment.app.SpecialEffectsController$WhenMappings
androidx.fragment.app.SpecialEffectsController
androidx.fragment.app.SpecialEffectsControllerFactory
androidx.fragment.app.SuperNotCalledException
androidx.fragment.app.strictmode.FragmentReuseViolation
androidx.fragment.app.strictmode.FragmentStrictMode$Flag
androidx.fragment.app.strictmode.FragmentStrictMode$OnViolationListener
androidx.fragment.app.strictmode.FragmentStrictMode$Policy$Builder
androidx.fragment.app.strictmode.FragmentStrictMode$Policy$Companion
androidx.fragment.app.strictmode.FragmentStrictMode$Policy
androidx.fragment.app.strictmode.FragmentStrictMode
androidx.fragment.app.strictmode.FragmentTagUsageViolation
androidx.fragment.app.strictmode.GetRetainInstanceUsageViolation
androidx.fragment.app.strictmode.GetTargetFragmentRequestCodeUsageViolation
androidx.fragment.app.strictmode.GetTargetFragmentUsageViolation
androidx.fragment.app.strictmode.RetainInstanceUsageViolation
androidx.fragment.app.strictmode.SetRetainInstanceUsageViolation
androidx.fragment.app.strictmode.SetTargetFragmentUsageViolation
androidx.fragment.app.strictmode.SetUserVisibleHintViolation
androidx.fragment.app.strictmode.TargetFragmentUsageViolation
androidx.fragment.app.strictmode.Violation
androidx.fragment.app.strictmode.WrongFragmentContainerViolation
androidx.fragment.app.strictmode.WrongNestedHierarchyViolation
androidx.interpolator.R
androidx.interpolator.view.animation.FastOutLinearInInterpolator
androidx.interpolator.view.animation.FastOutSlowInInterpolator
androidx.interpolator.view.animation.LinearOutSlowInInterpolator
androidx.interpolator.view.animation.LookupTableInterpolator
androidx.lifecycle.AbstractSavedStateViewModelFactory$Companion
androidx.lifecycle.AbstractSavedStateViewModelFactory
androidx.lifecycle.AndroidViewModel
androidx.lifecycle.Api26Impl
androidx.lifecycle.BlockRunner$cancel$1
androidx.lifecycle.BlockRunner$maybeRun$1
androidx.lifecycle.BlockRunner
androidx.lifecycle.ClassesInfoCache:
    private static final int CALL_TYPE_NO_ARG
    private static final int CALL_TYPE_PROVIDER
    private static final int CALL_TYPE_PROVIDER_WITH_EVENT
androidx.lifecycle.ComputableLiveData$_liveData$1
androidx.lifecycle.ComputableLiveData
androidx.lifecycle.CoroutineLiveData$1
androidx.lifecycle.CoroutineLiveData$clearSource$1
androidx.lifecycle.CoroutineLiveData$emitSource$1
androidx.lifecycle.CoroutineLiveData
androidx.lifecycle.CoroutineLiveDataKt$addDisposableSource$2$1
androidx.lifecycle.CoroutineLiveDataKt$addDisposableSource$2
androidx.lifecycle.CoroutineLiveDataKt$sam$androidx_lifecycle_Observer$0
androidx.lifecycle.CoroutineLiveDataKt
androidx.lifecycle.DispatchQueue
androidx.lifecycle.EmittedSource$dispose$1
androidx.lifecycle.EmittedSource$disposeNow$2
androidx.lifecycle.EmittedSource
androidx.lifecycle.FlowLiveDataConversions$asFlow$1$1
androidx.lifecycle.FlowLiveDataConversions$asFlow$1$2$1
androidx.lifecycle.FlowLiveDataConversions$asFlow$1$2
androidx.lifecycle.FlowLiveDataConversions$asFlow$1
androidx.lifecycle.FlowLiveDataConversions$asLiveData$1$1
androidx.lifecycle.FlowLiveDataConversions$asLiveData$1
androidx.lifecycle.FlowLiveDataConversions
androidx.lifecycle.GenericLifecycleObserver